<?xml version="1.0" encoding="UTF-8"?>
<!-- Generated by org.testng.reporters.JUnitReportReporter -->
<testsuite hostname="HP-HOME" failures="0" tests="1" name="testrunners.Runner1" time="0.123" errors="0" timestamp="2023-08-20T21:52:42 IST" skipped="0">
  <testcase classname="testrunners.Runner1" name="runScenario" time="0.123"/>
  <system-out/>
</testsuite> <!-- testrunners.Runner1 -->
