<?xml version="1.0" encoding="UTF-8"?>
<!-- Generated by org.testng.reporters.JUnitReportReporter -->
<testsuite hostname="HP-HOME" failures="0" tests="1" name="testrunners.TestRunner" time="0.084" errors="0" timestamp="2023-08-21T11:40:13 IST" skipped="0">
  <testcase classname="testrunners.TestRunner" name="runScenario" time="0.084"/>
  <system-out/>
</testsuite> <!-- testrunners.TestRunner -->
