<?xml version="1.0" encoding="UTF-8"?>
<!-- Generated by org.testng.reporters.JUnitReportReporter -->
<testsuite hostname="HP-HOME" failures="0" tests="2" name="testrunners.TestRunner" time="0.105" errors="0" timestamp="2023-08-21T13:35:56 IST" skipped="0">
  <testcase classname="testrunners.TestRunner" name="runScenario" time="0.008"/>
  <system-out/>
  <testcase classname="testrunners.TestRunner" name="runScenario" time="0.097"/>
  <system-out/>
</testsuite> <!-- testrunners.TestRunner -->
